info it worked if it ends with ok
verbose cli [ 'node', '/usr/bin/npm', 'start' ]
info using npm@1.1.4
info using node@v0.6.12
verbose config file /home/mikesmullin/.npmrc
verbose config file /usr/etc/npmrc
verbose config file /usr/share/npm/npmrc
verbose caching /workspace/HotPie/package.json
verbose loadDefaults application-name@0.0.1
verbose run-script [ 'prestart', 'start', 'poststart' ]
info prestart application-name@0.0.1
info start application-name@0.0.1
verbose unsafe-perm in lifecycle true
silly exec sh "-c" "node server.js"
silly spawning [ 'sh', [ '-c', 'node server.js' ], '/workspace/HotPie' ]
info application-name@0.0.1 Failed to exec start script
ERR! application-name@0.0.1 start: `node server.js`
ERR! `sh "-c" "node server.js"` failed with 1
ERR! 
ERR! Failed at the application-name@0.0.1 start script.
ERR! This is most likely a problem with the application-name package,
ERR! not with npm itself.
ERR! Tell the author that this fails on your system:
ERR!     node server.js
ERR! You can get their info via:
ERR!     npm owner ls application-name
ERR! There is likely additional logging output above.
ERR! 
ERR! System Linux 3.2.0-31-generic
ERR! command "node" "/usr/bin/npm" "start"
ERR! cwd /workspace/HotPie
ERR! node -v v0.6.12
ERR! npm -v 1.1.4
ERR! code ELIFECYCLE
ERR! message application-name@0.0.1 start: `node server.js`
ERR! message `sh "-c" "node server.js"` failed with 1
ERR! errno {}
verbose exit [ 1, true ]
